{"/home/lucas/Documents/HW/slack-circleCI/src/calculator.js":{"path":"/home/lucas/Documents/HW/slack-circleCI/src/calculator.js","s":{"1":1,"2":3,"3":6,"4":3,"5":3,"6":2,"7":2},"b":{},"f":{"1":3,"2":6,"3":3,"4":2},"fnMap":{"1":{"name":"add","line":3,"loc":{"start":{"line":3,"column":7},"end":{"line":3,"column":27}}},"2":{"name":"(anonymous_2)","line":4,"loc":{"start":{"line":4,"column":56},"end":{"line":4,"column":72}}},"3":{"name":"multiply","line":7,"loc":{"start":{"line":7,"column":12},"end":{"line":7,"column":37}}},"4":{"name":"multiply","line":12,"loc":{"start":{"line":12,"column":12},"end":{"line":12,"column":37}}}},"statementMap":{"1":{"start":{"line":1,"column":0},"end":{"line":17,"column":2}},"2":{"start":{"line":4,"column":4},"end":{"line":4,"column":91}},"3":{"start":{"line":4,"column":74},"end":{"line":4,"column":87}},"4":{"start":{"line":8,"column":4},"end":{"line":8,"column":9}},"5":{"start":{"line":9,"column":4},"end":{"line":9,"column":17}},"6":{"start":{"line":13,"column":4},"end":{"line":13,"column":9}},"7":{"start":{"line":14,"column":4},"end":{"line":14,"column":17}}},"branchMap":{}}}